Using pre-set license
Built from '2020.3/staging' branch; Version is '2020.3.5f1 (8095aa901b9b) revision 8426922'; Using compiler version '192528614'; Build Type 'Release'
OS: 'Windows 10 Pro; OS build 19042.928; Version 2009; 64bit' Language: 'pt' Physical Memory: 8136 MB
BatchMode: 1, IsHumanControllingUs: 0, StartBugReporterOnCrash: 0, Is64bit: 1, IsPro: 0

 COMMAND LINE ARGUMENTS:
C:\Users\User\Desktop\TRAB\2020.3.5f1\Editor\Unity.exe
-adb2
-batchMode
-noUpm
-name
AssetImportWorker0
-projectPath
C:/Users/User/Desktop/Jonathan Jogo
-logFile
Logs/AssetImportWorker0.log
-srvPort
51076
Successfully changed project path to: C:/Users/User/Desktop/Jonathan Jogo
C:/Users/User/Desktop/Jonathan Jogo
Using Asset Import Pipeline V2.
Refreshing native plugins compatible for Editor in 42.76 ms, found 2 plugins.
Preloading 0 native plugins for Editor in 0.00 ms.
Initialize engine version: 2020.3.5f1 (8095aa901b9b)
[Subsystems] Discovering subsystems at path C:/Users/User/Desktop/TRAB/2020.3.5f1/Editor/Data/Resources/UnitySubsystems
[Subsystems] Discovering subsystems at path C:/Users/User/Desktop/Jonathan Jogo/Assets
GfxDevice: creating device client; threaded=0
Direct3D:
    Version:  Direct3D 11.0 [level 11.0]
    Renderer: NVIDIA GeForce GTX 650 (ID=0xfc6)
    Vendor:   
    VRAM:     984 MB
    Driver:   27.21.14.5671
Initialize mono
Mono path[0] = 'C:/Users/User/Desktop/TRAB/2020.3.5f1/Editor/Data/Managed'
Mono path[1] = 'C:/Users/User/Desktop/TRAB/2020.3.5f1/Editor/Data/MonoBleedingEdge/lib/mono/unityjit'
Mono config path = 'C:/Users/User/Desktop/TRAB/2020.3.5f1/Editor/Data/MonoBleedingEdge/etc'
Using monoOptions --debugger-agent=transport=dt_socket,embedding=1,server=y,suspend=n,address=127.0.0.1:56196
Begin MonoManager ReloadAssembly
Registering precompiled unity dll's ...
Register platform support module: C:/Users/User/Desktop/TRAB/2020.3.5f1/Editor/Data/PlaybackEngines/WebGLSupport/UnityEditor.WebGL.Extensions.dll
Register platform support module: C:/Users/User/Desktop/TRAB/2020.3.5f1/Editor/Data/PlaybackEngines/WindowsStandaloneSupport/UnityEditor.WindowsStandalone.Extensions.dll
Registered in 0.001940 seconds.
Native extension for WindowsStandalone target not found
Native extension for WebGL target not found
Refreshing native plugins compatible for Editor in 41.82 ms, found 2 plugins.
Preloading 0 native plugins for Editor in 0.00 ms.
Mono: successfully reloaded assembly
- Completed reload, in  1.039 seconds
Platform modules already initialized, skipping
Registering precompiled user dll's ...
Registered in 0.001328 seconds.
Begin MonoManager ReloadAssembly
Native extension for WindowsStandalone target not found
Native extension for WebGL target not found
Refreshing native plugins compatible for Editor in 41.04 ms, found 2 plugins.
Preloading 0 native plugins for Editor in 0.00 ms.
Mono: successfully reloaded assembly
- Completed reload, in  0.868 seconds
Platform modules already initialized, skipping
========================================================================
Worker process is ready to serve import requests
Launched and connected shader compiler UnityShaderCompiler.exe after 0.04 seconds
Refreshing native plugins compatible for Editor in 0.49 ms, found 2 plugins.
Preloading 0 native plugins for Editor in 0.00 ms.
Unloading 1951 Unused Serialized files (Serialized files now loaded: 0)
System memory in use before: 90.9 MB.
System memory in use after: 91.0 MB.

Unloading 23 unused Assets to reduce memory usage. Loaded Objects now: 2397.
Total: 2.258800 ms (FindLiveObjects: 0.432900 ms CreateObjectMapping: 0.153900 ms MarkObjects: 1.586200 ms  DeleteObjects: 0.084500 ms)

========================================================================
Received Import Request.
  path: Assets/Scripts/FaseEnd.cs
  artifactKey: Guid(57cfc35eb9025074c90d0152b00a9129) Importer(815301076,1909f56bfc062723c751e8b465ee728b)
Start importing Assets/Scripts/FaseEnd.cs using Guid(57cfc35eb9025074c90d0152b00a9129) Importer(815301076,1909f56bfc062723c751e8b465ee728b)  -> (artifact id: '062a36daf8a2d045b47789ffecb90813') in 0.014655 seconds
  Import took 0.017496 seconds .

========================================================================
Received Import Request.
  Time since last request: 24.678013 seconds.
  path: Assets/Scripts/FaseEnd.cs
  artifactKey: Guid(57cfc35eb9025074c90d0152b00a9129) Importer(815301076,1909f56bfc062723c751e8b465ee728b)
Start importing Assets/Scripts/FaseEnd.cs using Guid(57cfc35eb9025074c90d0152b00a9129) Importer(815301076,1909f56bfc062723c751e8b465ee728b)  -> (artifact id: 'a28ba849861c513d4191f95c517bcbb1') in 0.002517 seconds
  Import took 0.006196 seconds .

========================================================================
Received Import Request.
  Time since last request: 0.001124 seconds.
  path: Assets/Scripts/FaseEnd.cs
  artifactKey: Guid(57cfc35eb9025074c90d0152b00a9129) Importer(815301076,1909f56bfc062723c751e8b465ee728b)
Start importing Assets/Scripts/FaseEnd.cs using Guid(57cfc35eb9025074c90d0152b00a9129) Importer(815301076,1909f56bfc062723c751e8b465ee728b)  -> (artifact id: 'a28ba849861c513d4191f95c517bcbb1') in 0.001191 seconds
  Import took 0.004684 seconds .

========================================================================
Received Import Request.
  Time since last request: 84.251585 seconds.
  path: Assets/Scripts/FaseEnd.cs
  artifactKey: Guid(57cfc35eb9025074c90d0152b00a9129) Importer(815301076,1909f56bfc062723c751e8b465ee728b)
Start importing Assets/Scripts/FaseEnd.cs using Guid(57cfc35eb9025074c90d0152b00a9129) Importer(815301076,1909f56bfc062723c751e8b465ee728b)  -> (artifact id: 'a2e0f08af61348bd3b89b2500d9178e3') in 0.001735 seconds
  Import took 0.006688 seconds .

========================================================================
Received Import Request.
  Time since last request: 0.000256 seconds.
  path: Assets/Scripts/FaseEnd.cs
  artifactKey: Guid(57cfc35eb9025074c90d0152b00a9129) Importer(815301076,1909f56bfc062723c751e8b465ee728b)
Start importing Assets/Scripts/FaseEnd.cs using Guid(57cfc35eb9025074c90d0152b00a9129) Importer(815301076,1909f56bfc062723c751e8b465ee728b)  -> (artifact id: 'a2e0f08af61348bd3b89b2500d9178e3') in 0.001353 seconds
  Import took 0.006171 seconds .

========================================================================
Received Prepare
Registering precompiled user dll's ...
Registered in 0.001751 seconds.
Begin MonoManager ReloadAssembly
Native extension for WindowsStandalone target not found
Native extension for WebGL target not found
Refreshing native plugins compatible for Editor in 0.44 ms, found 2 plugins.
Preloading 0 native plugins for Editor in 0.00 ms.
Mono: successfully reloaded assembly
- Completed reload, in  0.822 seconds
Platform modules already initialized, skipping
Refreshing native plugins compatible for Editor in 0.44 ms, found 2 plugins.
Preloading 0 native plugins for Editor in 0.00 ms.
Unloading 1939 Unused Serialized files (Serialized files now loaded: 0)
System memory in use before: 90.2 MB.
System memory in use after: 90.3 MB.

Unloading 11 unused Assets to reduce memory usage. Loaded Objects now: 2401.
Total: 1.969200 ms (FindLiveObjects: 0.211400 ms CreateObjectMapping: 0.076700 ms MarkObjects: 1.621000 ms  DeleteObjects: 0.059000 ms)

========================================================================
Received Import Request.
  Time since last request: 716.492582 seconds.
  path: Assets/Scripts/FaseEnd.cs
  artifactKey: Guid(57cfc35eb9025074c90d0152b00a9129) Importer(815301076,1909f56bfc062723c751e8b465ee728b)
Start importing Assets/Scripts/FaseEnd.cs using Guid(57cfc35eb9025074c90d0152b00a9129) Importer(815301076,1909f56bfc062723c751e8b465ee728b)  -> (artifact id: 'e14ce7b839bd12484d5a5bdf68835153') in 0.004178 seconds
  Import took 0.007925 seconds .

========================================================================
Received Prepare
Registering precompiled user dll's ...
Registered in 0.001454 seconds.
Begin MonoManager ReloadAssembly
Native extension for WindowsStandalone target not found
Native extension for WebGL target not found
Refreshing native plugins compatible for Editor in 0.50 ms, found 2 plugins.
Preloading 0 native plugins for Editor in 0.00 ms.
Mono: successfully reloaded assembly
- Completed reload, in  0.813 seconds
Platform modules already initialized, skipping
Refreshing native plugins compatible for Editor in 0.57 ms, found 2 plugins.
Preloading 0 native plugins for Editor in 0.00 ms.
Unloading 1938 Unused Serialized files (Serialized files now loaded: 0)
System memory in use before: 90.2 MB.
System memory in use after: 90.3 MB.

Unloading 12 unused Assets to reduce memory usage. Loaded Objects now: 2404.
Total: 4.685500 ms (FindLiveObjects: 0.513900 ms CreateObjectMapping: 0.222700 ms MarkObjects: 3.836200 ms  DeleteObjects: 0.110600 ms)

========================================================================
Received Import Request.
  Time since last request: 15.741338 seconds.
  path: Assets/Scripts/Teleportation.cs
  artifactKey: Guid(500d7798d1923d14789bf9cc44dd5f70) Importer(815301076,1909f56bfc062723c751e8b465ee728b)
Start importing Assets/Scripts/Teleportation.cs using Guid(500d7798d1923d14789bf9cc44dd5f70) Importer(815301076,1909f56bfc062723c751e8b465ee728b)  -> (artifact id: '94d59cd5a32285dbb7ed1d7aac4024c0') in 0.004264 seconds
  Import took 0.007792 seconds .

========================================================================
Received Import Request.
  Time since last request: 0.023666 seconds.
  path: Assets/Scripts/Teleportation.cs
  artifactKey: Guid(500d7798d1923d14789bf9cc44dd5f70) Importer(815301076,1909f56bfc062723c751e8b465ee728b)
Start importing Assets/Scripts/Teleportation.cs using Guid(500d7798d1923d14789bf9cc44dd5f70) Importer(815301076,1909f56bfc062723c751e8b465ee728b)  -> (artifact id: '94d59cd5a32285dbb7ed1d7aac4024c0') in 0.003096 seconds
  Import took 0.006520 seconds .

========================================================================
Received Prepare
Registering precompiled user dll's ...
Registered in 0.001318 seconds.
Begin MonoManager ReloadAssembly
Native extension for WindowsStandalone target not found
Native extension for WebGL target not found
Refreshing native plugins compatible for Editor in 0.44 ms, found 2 plugins.
Preloading 0 native plugins for Editor in 0.00 ms.
Mono: successfully reloaded assembly
- Completed reload, in  0.860 seconds
Platform modules already initialized, skipping
Refreshing native plugins compatible for Editor in 0.52 ms, found 2 plugins.
Preloading 0 native plugins for Editor in 0.00 ms.
Unloading 1939 Unused Serialized files (Serialized files now loaded: 0)
System memory in use before: 90.3 MB.
System memory in use after: 90.3 MB.

Unloading 11 unused Assets to reduce memory usage. Loaded Objects now: 2409.
Total: 2.192800 ms (FindLiveObjects: 0.310200 ms CreateObjectMapping: 0.144700 ms MarkObjects: 1.636900 ms  DeleteObjects: 0.099700 ms)

========================================================================
Received Import Request.
  Time since last request: 11.236517 seconds.
  path: Assets/Scripts/Teleportation.cs
  artifactKey: Guid(500d7798d1923d14789bf9cc44dd5f70) Importer(815301076,1909f56bfc062723c751e8b465ee728b)
Start importing Assets/Scripts/Teleportation.cs using Guid(500d7798d1923d14789bf9cc44dd5f70) Importer(815301076,1909f56bfc062723c751e8b465ee728b)  -> (artifact id: 'a88f6bd0370942ccdf8692f99b8c3c37') in 0.005787 seconds
  Import took 0.010693 seconds .

========================================================================
Received Import Request.
  Time since last request: 0.000335 seconds.
  path: Assets/Scripts/Teleportation.cs
  artifactKey: Guid(500d7798d1923d14789bf9cc44dd5f70) Importer(815301076,1909f56bfc062723c751e8b465ee728b)
Start importing Assets/Scripts/Teleportation.cs using Guid(500d7798d1923d14789bf9cc44dd5f70) Importer(815301076,1909f56bfc062723c751e8b465ee728b)  -> (artifact id: 'a88f6bd0370942ccdf8692f99b8c3c37') in 0.001284 seconds
  Import took 0.004400 seconds .

========================================================================
Received Import Request.
  Time since last request: 116.960243 seconds.
  path: Assets/Scripts/Teleportation.cs
  artifactKey: Guid(500d7798d1923d14789bf9cc44dd5f70) Importer(815301076,1909f56bfc062723c751e8b465ee728b)
Start importing Assets/Scripts/Teleportation.cs using Guid(500d7798d1923d14789bf9cc44dd5f70) Importer(815301076,1909f56bfc062723c751e8b465ee728b)  -> (artifact id: '6824414cdf91229ba98ed06fec57448a') in 0.001573 seconds
  Import took 0.005309 seconds .

========================================================================
Received Import Request.
  Time since last request: 0.001380 seconds.
  path: Assets/Scripts/Teleportation.cs
  artifactKey: Guid(500d7798d1923d14789bf9cc44dd5f70) Importer(815301076,1909f56bfc062723c751e8b465ee728b)
Start importing Assets/Scripts/Teleportation.cs using Guid(500d7798d1923d14789bf9cc44dd5f70) Importer(815301076,1909f56bfc062723c751e8b465ee728b)  -> (artifact id: '6824414cdf91229ba98ed06fec57448a') in 0.001212 seconds
  Import took 0.005433 seconds .

========================================================================
Received Prepare
Registering precompiled user dll's ...
Registered in 0.001939 seconds.
Begin MonoManager ReloadAssembly
Native extension for WindowsStandalone target not found
Native extension for WebGL target not found
Refreshing native plugins compatible for Editor in 0.52 ms, found 2 plugins.
Preloading 0 native plugins for Editor in 0.00 ms.
Mono: successfully reloaded assembly
- Completed reload, in  0.964 seconds
Platform modules already initialized, skipping
Refreshing native plugins compatible for Editor in 0.54 ms, found 2 plugins.
Preloading 0 native plugins for Editor in 0.00 ms.
Unloading 1938 Unused Serialized files (Serialized files now loaded: 0)
System memory in use before: 90.3 MB.
System memory in use after: 90.3 MB.

Unloading 12 unused Assets to reduce memory usage. Loaded Objects now: 2412.
Total: 2.556900 ms (FindLiveObjects: 0.305000 ms CreateObjectMapping: 0.274800 ms MarkObjects: 1.909000 ms  DeleteObjects: 0.066600 ms)

AssetImportWorkerClient::OnTransportError - code=2 error=End of file
