Using pre-set license
Built from '2020.3/staging' branch; Version is '2020.3.5f1 (8095aa901b9b) revision 8426922'; Using compiler version '192528614'; Build Type 'Release'
OS: 'Windows 10 Pro; OS build 19042.928; Version 2009; 64bit' Language: 'pt' Physical Memory: 8136 MB
BatchMode: 1, IsHumanControllingUs: 0, StartBugReporterOnCrash: 0, Is64bit: 1, IsPro: 0

 COMMAND LINE ARGUMENTS:
C:\Users\User\Desktop\TRAB\2020.3.5f1\Editor\Unity.exe
-adb2
-batchMode
-noUpm
-name
AssetImportWorker0
-projectPath
C:/Users/User/JogoJonathan
-logFile
Logs/AssetImportWorker0.log
-srvPort
51783
Successfully changed project path to: C:/Users/User/JogoJonathan
C:/Users/User/JogoJonathan
Using Asset Import Pipeline V2.
Refreshing native plugins compatible for Editor in 34.65 ms, found 1 plugins.
Preloading 0 native plugins for Editor in 0.00 ms.
Initialize engine version: 2020.3.5f1 (8095aa901b9b)
[Subsystems] Discovering subsystems at path C:/Users/User/Desktop/TRAB/2020.3.5f1/Editor/Data/Resources/UnitySubsystems
[Subsystems] Discovering subsystems at path C:/Users/User/JogoJonathan/Assets
GfxDevice: creating device client; threaded=0
Direct3D:
    Version:  Direct3D 11.0 [level 11.0]
    Renderer: NVIDIA GeForce GTX 650 (ID=0xfc6)
    Vendor:   
    VRAM:     984 MB
    Driver:   27.21.14.5671
Initialize mono
Mono path[0] = 'C:/Users/User/Desktop/TRAB/2020.3.5f1/Editor/Data/Managed'
Mono path[1] = 'C:/Users/User/Desktop/TRAB/2020.3.5f1/Editor/Data/MonoBleedingEdge/lib/mono/unityjit'
Mono config path = 'C:/Users/User/Desktop/TRAB/2020.3.5f1/Editor/Data/MonoBleedingEdge/etc'
Using monoOptions --debugger-agent=transport=dt_socket,embedding=1,server=y,suspend=n,address=127.0.0.1:56464
Begin MonoManager ReloadAssembly
Registering precompiled unity dll's ...
Register platform support module: C:/Users/User/Desktop/TRAB/2020.3.5f1/Editor/Data/PlaybackEngines/WebGLSupport/UnityEditor.WebGL.Extensions.dll
Register platform support module: C:/Users/User/Desktop/TRAB/2020.3.5f1/Editor/Data/PlaybackEngines/WindowsStandaloneSupport/UnityEditor.WindowsStandalone.Extensions.dll
Registered in 0.001864 seconds.
Native extension for WindowsStandalone target not found
Native extension for WebGL target not found
Refreshing native plugins compatible for Editor in 34.82 ms, found 1 plugins.
Preloading 0 native plugins for Editor in 0.00 ms.
Mono: successfully reloaded assembly
- Completed reload, in  0.978 seconds
Platform modules already initialized, skipping
Registering precompiled user dll's ...
Registered in 0.000792 seconds.
Begin MonoManager ReloadAssembly
Native extension for WindowsStandalone target not found
Native extension for WebGL target not found
Refreshing native plugins compatible for Editor in 43.40 ms, found 1 plugins.
Preloading 0 native plugins for Editor in 0.00 ms.
Mono: successfully reloaded assembly
- Completed reload, in  0.899 seconds
Platform modules already initialized, skipping
========================================================================
Worker process is ready to serve import requests
Launched and connected shader compiler UnityShaderCompiler.exe after 0.04 seconds
Refreshing native plugins compatible for Editor in 0.32 ms, found 1 plugins.
Preloading 0 native plugins for Editor in 0.00 ms.
Unloading 1808 Unused Serialized files (Serialized files now loaded: 0)
System memory in use before: 84.9 MB.
System memory in use after: 84.9 MB.

Unloading 24 unused Assets to reduce memory usage. Loaded Objects now: 2250.
Total: 2.236900 ms (FindLiveObjects: 0.289800 ms CreateObjectMapping: 0.201600 ms MarkObjects: 1.589700 ms  DeleteObjects: 0.154900 ms)

========================================================================
Received Import Request.
  path: Assets/Scenes
  artifactKey: Guid(422df3084831b3840a311d929921fe8c) Importer(815301076,1909f56bfc062723c751e8b465ee728b)
Start importing Assets/Scenes using Guid(422df3084831b3840a311d929921fe8c) Importer(815301076,1909f56bfc062723c751e8b465ee728b)  -> (artifact id: '5c0f35578536a91fbbf856314b066b47') in 0.003802 seconds
  Import took 0.007817 seconds .

AssetImportWorkerClient::OnTransportError - code=2 error=End of file
